生成启动时间为 2013-3-26 18:56:43。
     1>项目“D:\cocosbox2d\proj.win32\cocosbox2d.win32.vcxproj”在节点 2 上(build 个目标)。
     1>InitializeBuildStatus:
         正在对“Debug.win32\cocosbox2d.win32.unsuccessfulbuild”执行 Touch 任务。
       ClCompile:
         C:\Program Files\Microsoft Visual Studio 10.0\VC\bin\CL.exe /c /I. /I..\Classes /I"D:\learn\cocos2d-2.1beta3-x-2.1.1\cocos2dx" /I"D:\learn\cocos2d-2.1beta3-x-2.1.1\cocos2dx\include" /I"D:\learn\cocos2d-2.1beta3-x-2.1.1\cocos2dx\kazmath\include" /I"D:\learn\cocos2d-2.1beta3-x-2.1.1\cocos2dx\platform\win32" /I"D:\learn\cocos2d-2.1beta3-x-2.1.1\cocos2dx\platform\third_party\win32" /I"D:\learn\cocos2d-2.1beta3-x-2.1.1\cocos2dx\platform\third_party\win32\OGLES" /I"D:\learn\cocos2d-2.1beta3-x-2.1.1\external" /I"D:\learn\cocos2d-2.1beta3-x-2.1.1\CocosDenshion\include" /ZI /nologo /W3 /WX- /Od /Oy- /D WIN32 /D _WINDOWS /D STRICT /D _CRT_SECURE_NO_WARNINGS /D _SCL_SECURE_NO_WARNINGS_DEBUG /D COCOS2D_DEBUG=1 /D _UNICODE /D UNICODE /Gm /EHsc /RTC1 /MDd /GS /fp:precise /Zc:wchar_t /Zc:forScope /Fo"Debug.win32\\" /Fd"Debug.win32\vc100.pdb" /Gd /TP /wd4267 /wd4251 /wd4244 /analyze- /errorReport:prompt ..\Classes\AppDelegate.cpp ..\Classes\LogoLayer.cpp
         LogoLayer.cpp
     1>d:\cocosbox2d\classes\logolayer.cpp : warning C4819: 该文件包含不能在当前代码页(936)中表示的字符。请将该文件保存为 Unicode 格式以防止数据丢失
         AppDelegate.cpp
         正在生成代码...
       ManifestResourceCompile:
         所有输出均为最新。
       Link:
         C:\Program Files\Microsoft Visual Studio 10.0\VC\bin\link.exe /ERRORREPORT:PROMPT /OUT:"D:\learn\cocos2d-2.1beta3-x-2.1.1\Debug.win32\cocosbox2d.win32.exe" /INCREMENTAL /NOLOGO /LIBPATH:"D:\learn\cocos2d-2.1beta3-x-2.1.1\Debug.win32\\" libcocos2d.lib opengl32.lib glew32.lib libBox2d.lib libCocosDenshion.lib kernel32.lib user32.lib gdi32.lib winspool.lib comdlg32.lib advapi32.lib shell32.lib ole32.lib oleaut32.lib uuid.lib odbc32.lib odbccp32.lib /MANIFEST /ManifestFile:"Debug.win32\cocosbox2d.win32.exe.intermediate.manifest" /MANIFESTUAC:"level='asInvoker' uiAccess='false'" /DEBUG /PDB:"D:\learn\cocos2d-2.1beta3-x-2.1.1\Debug.win32\cocosbox2d.win32.pdb" /SUBSYSTEM:WINDOWS /TLBID:1 /DYNAMICBASE /NXCOMPAT /IMPLIB:"D:\learn\cocos2d-2.1beta3-x-2.1.1\Debug.win32\cocosbox2d.win32.lib" /MACHINE:X86 Debug.win32\cocosbox2d.win32.exe.embed.manifest.res
         Debug.win32\AppDelegate.obj
         Debug.win32\Ball.obj
         Debug.win32\HelloWorldScene.obj
         Debug.win32\LogoLayer.obj
         Debug.win32\Paddle.obj
         Debug.win32\PlayerPaddle.obj
         Debug.win32\SysMenu.obj
         Debug.win32\TennisPaddle.obj
         Debug.win32\TennisTable.obj
         Debug.win32\VisibleRect.obj
         Debug.win32\main.obj
       Manifest:
         C:\Program Files\Microsoft SDKs\Windows\v7.0A\bin\mt.exe /nologo /verbose /out:"Debug.win32\cocosbox2d.win32.exe.embed.manifest" /manifest Debug.win32\cocosbox2d.win32.exe.intermediate.manifest
         所有输出均为最新。
       LinkEmbedManifest:
         所有输出均为最新。
         cocosbox2d.win32.vcxproj -> D:\learn\cocos2d-2.1beta3-x-2.1.1\Debug.win32\cocosbox2d.win32.exe
       FinalizeBuildStatus:
         正在删除文件“Debug.win32\cocosbox2d.win32.unsuccessfulbuild”。
         正在对“Debug.win32\cocosbox2d.win32.lastbuildstate”执行 Touch 任务。
     1>已完成生成项目“D:\cocosbox2d\proj.win32\cocosbox2d.win32.vcxproj”(build 个目标)的操作。

生成成功。

已用时间 00:04:17.78
